<?xml version="1.0" encoding="utf-8"?><testsuites name="pytest tests"><testsuite name="pytest" errors="0" failures="0" skipped="0" tests="6" time="2.503" timestamp="2026-01-31T09:51:22.409930+00:00" hostname="agent-env-79ba13f9-2cab-4407-ab91-e92d694d7949"><testcase classname="tests.test_dg_tenders.TestDGTenderImport" name="test_import_dg_tenders_success" time="0.525" /><testcase classname="tests.test_dg_tenders.TestDGTenderImport" name="test_get_dg_tenders" time="0.317" /><testcase classname="tests.test_dg_tenders.TestDGTenderImport" name="test_dg_tender_fields_populated" time="0.322" /><testcase classname="tests.test_dg_tenders.TestDGTenderImport" name="test_dg_tender_stats" time="0.332" /><testcase classname="tests.test_dg_tenders.TestDGTenderImport" name="test_import_invalid_file" time="0.314" /><testcase classname="tests.test_dg_tenders.TestDGTenderExport" name="test_export_columns_match_template" time="0.329" /></testsuite></testsuites>