<?xml version="1.0" encoding="utf-8"?><testsuites name="pytest tests"><testsuite name="pytest" errors="0" failures="0" skipped="0" tests="13" time="17.425" timestamp="2026-01-29T19:02:23.120498+00:00" hostname="agent-env-895d2779-59d6-402c-979b-6c5d8cf15973"><testcase classname="tests.test_upload_v2.TestUploadV2" name="test_detect_template_lead" time="1.706" /><testcase classname="tests.test_upload_v2.TestUploadV2" name="test_detect_template_lost" time="0.311" /><testcase classname="tests.test_upload_v2.TestUploadV2" name="test_detect_template_so" time="0.334" /><testcase classname="tests.test_upload_v2.TestUploadV2" name="test_download_template_lead" time="0.314" /><testcase classname="tests.test_upload_v2.TestUploadV2" name="test_download_template_lost" time="0.297" /><testcase classname="tests.test_upload_v2.TestUploadV2" name="test_download_template_so" time="0.342" /><testcase classname="tests.test_upload_v2.TestUploadV2" name="test_download_template_remark" time="0.307" /><testcase classname="tests.test_upload_v2.TestUploadV2" name="test_process_lead_upload" time="7.275" /><testcase classname="tests.test_upload_v2.TestUploadV2" name="test_process_lost_upload" time="0.347" /><testcase classname="tests.test_upload_v2.TestUploadV2" name="test_process_so_upload" time="0.450" /><testcase classname="tests.test_upload_v2.TestUploadV2" name="test_process_auto_detect" time="5.022" /><testcase classname="tests.test_upload_v2.TestUploadV2" name="test_invalid_file_format" time="0.323" /><testcase classname="tests.test_upload_v2.TestUploadV2" name="test_download_invalid_template_type" time="0.330" /></testsuite></testsuites>