<?xml version="1.0" encoding="utf-8"?><testsuites name="pytest tests"><testsuite name="pytest" errors="0" failures="0" skipped="0" tests="10" time="4.689" timestamp="2026-01-13T15:18:49.898136+00:00" hostname="agent-env-9075e862-d21c-4251-a92b-b208d44f36db"><testcase classname="tests.test_old_enquiries_kpi.TestOldEnquiriesClosedKPI" name="test_kpis_endpoint_returns_old_enquiries_closed" time="0.659" /><testcase classname="tests.test_old_enquiries_kpi.TestOldEnquiriesClosedKPI" name="test_kpis_date_range_affects_old_enquiries" time="1.004" /><testcase classname="tests.test_old_enquiries_kpi.TestPhoneBasedDuplicateDetection" name="test_upload_template_endpoint" time="0.320" /><testcase classname="tests.test_old_enquiries_kpi.TestPhoneBasedDuplicateDetection" name="test_upload_column_info" time="0.292" /><testcase classname="tests.test_old_enquiries_kpi.TestPhoneBasedDuplicateDetection" name="test_lost_leads_template_endpoint" time="0.297" /><testcase classname="tests.test_old_enquiries_kpi.TestDispatchPage" name="test_dispatch_summary_endpoint" time="0.354" /><testcase classname="tests.test_old_enquiries_kpi.TestDispatchPage" name="test_dispatch_list_endpoint" time="0.326" /><testcase classname="tests.test_old_enquiries_kpi.TestLeadsAPI" name="test_leads_list_endpoint" time="0.371" /><testcase classname="tests.test_old_enquiries_kpi.TestLeadsAPI" name="test_leads_dropdown_options" time="0.356" /><testcase classname="tests.test_old_enquiries_kpi.TestDashboardKPIs" name="test_all_kpi_fields_present" time="0.598" /></testsuite></testsuites>