<?xml version="1.0" encoding="utf-8"?><testsuites name="pytest tests"><testsuite name="pytest" errors="0" failures="0" skipped="0" tests="14" time="5.897" timestamp="2026-01-14T06:47:21.902344+00:00" hostname="agent-env-f023d8d3-66a2-4bfc-bbad-301f44a531d9"><testcase classname="tests.test_kpi_data_integrity.TestKPIsEndpoint" name="test_kpis_endpoint_returns_200" time="1.006" /><testcase classname="tests.test_kpi_data_integrity.TestKPIsEndpoint" name="test_kpis_returns_won_leads_count" time="0.655" /><testcase classname="tests.test_kpi_data_integrity.TestKPIsEndpoint" name="test_kpis_returns_quotations_sent_count" time="0.657" /><testcase classname="tests.test_kpi_data_integrity.TestKPIsEndpoint" name="test_kpis_won_greater_than_quotations_is_data_quality_issue" time="0.658" /><testcase classname="tests.test_kpi_data_integrity.TestKPIsEndpoint" name="test_kpis_returns_all_required_fields" time="0.655" /><testcase classname="tests.test_kpi_data_integrity.TestDataQualityEndpoint" name="test_data_quality_endpoint_returns_200" time="0.055" /><testcase classname="tests.test_kpi_data_integrity.TestDataQualityEndpoint" name="test_data_quality_returns_50_leads" time="0.053" /><testcase classname="tests.test_kpi_data_integrity.TestDataQualityEndpoint" name="test_data_quality_returns_leads_list" time="0.053" /><testcase classname="tests.test_kpi_data_integrity.TestDataQualityEndpoint" name="test_data_quality_message_is_informative" time="0.052" /><testcase classname="tests.test_kpi_data_integrity.TestDuplicateDetectionLogic" name="test_duplicates_count_endpoint" time="0.016" /><testcase classname="tests.test_kpi_data_integrity.TestDuplicateDetectionLogic" name="test_duplicates_list_endpoint" time="0.018" /><testcase classname="tests.test_kpi_data_integrity.TestDuplicateDetectionLogic" name="test_won_leads_not_filtered_as_duplicates" time="0.655" /><testcase classname="tests.test_kpi_data_integrity.TestKPIConsistency" name="test_conversion_rate_calculation" time="0.649" /><testcase classname="tests.test_kpi_data_integrity.TestKPIConsistency" name="test_open_leads_breakdown" time="0.651" /></testsuite></testsuites>