<?xml version="1.0" encoding="utf-8"?><testsuites name="pytest tests"><testsuite name="pytest" errors="0" failures="0" skipped="0" tests="11" time="3.419" timestamp="2026-01-29T10:19:50.903588+00:00" hostname="agent-env-895d2779-59d6-402c-979b-6c5d8cf15973"><testcase classname="backend.tests.test_tender_dual_system.TestTenderDualSystem" name="test_01_list_mlt_tenders" time="0.325" /><testcase classname="backend.tests.test_tender_dual_system.TestTenderDualSystem" name="test_02_list_dg_tenders" time="0.303" /><testcase classname="backend.tests.test_tender_dual_system.TestTenderDualSystem" name="test_03_get_mlt_stats" time="0.296" /><testcase classname="backend.tests.test_tender_dual_system.TestTenderDualSystem" name="test_04_get_dg_stats" time="0.295" /><testcase classname="backend.tests.test_tender_dual_system.TestTenderDualSystem" name="test_05_create_mlt_tender" time="0.286" /><testcase classname="backend.tests.test_tender_dual_system.TestTenderDualSystem" name="test_06_create_dg_tender_with_all_fields" time="0.289" /><testcase classname="backend.tests.test_tender_dual_system.TestTenderDualSystem" name="test_07_get_dg_tender_detail" time="0.295" /><testcase classname="backend.tests.test_tender_dual_system.TestTenderDualSystem" name="test_08_update_tender_and_verify_updated_by" time="0.280" /><testcase classname="backend.tests.test_tender_dual_system.TestTenderDualSystem" name="test_09_create_ineligible_dg_tender" time="0.291" /><testcase classname="backend.tests.test_tender_dual_system.TestTenderDualSystem" name="test_10_verify_dg_tenders_in_list" time="0.286" /><testcase classname="backend.tests.test_tender_dual_system.TestTenderDualSystem" name="test_11_cleanup_test_tenders" time="0.349" /></testsuite></testsuites>