<?xml version="1.0" encoding="utf-8"?><testsuites name="pytest tests"><testsuite name="pytest" errors="0" failures="0" skipped="0" tests="12" time="2.154" timestamp="2026-01-05T11:12:07.238590+00:00" hostname="agent-env-0f9ef2a2-aa62-426b-b4c9-37fa8cba44da"><testcase classname="tests.test_new_features.TestAuth" name="test_login" time="0.344" /><testcase classname="tests.test_new_features.TestCompareForecasts" name="test_get_saved_forecasts" time="0.299" /><testcase classname="tests.test_new_features.TestCompareForecasts" name="test_compare_forecast_invalid_index" time="0.013" /><testcase classname="tests.test_new_features.TestCompareForecasts" name="test_compare_forecast_valid_index" time="0.036" /><testcase classname="tests.test_new_features.TestClosureQuestions" name="test_get_pending_closure_count" time="0.299" /><testcase classname="tests.test_new_features.TestClosureQuestions" name="test_get_pending_closure_leads" time="0.034" /><testcase classname="tests.test_new_features.TestClosureQuestions" name="test_closure_answers_endpoint_exists" time="0.009" /><testcase classname="tests.test_new_features.TestUploadCompositeKey" name="test_upload_template_endpoint" time="0.293" /><testcase classname="tests.test_new_features.TestUploadCompositeKey" name="test_leads_template_download" time="0.079" /><testcase classname="tests.test_new_features.TestLeadsAPI" name="test_get_leads" time="0.333" /><testcase classname="tests.test_new_features.TestLeadsAPI" name="test_get_dropdown_options" time="0.062" /><testcase classname="tests.test_new_features.TestAdminClosureQuestions" name="test_get_closure_questions" time="0.285" /></testsuite></testsuites>