<?xml version="1.0" encoding="utf-8"?><testsuites name="pytest tests"><testsuite name="pytest" errors="0" failures="0" skipped="0" tests="12" time="4.047" timestamp="2026-01-13T16:46:14.630809+00:00" hostname="agent-env-a1ddce93-8e80-430f-964b-4bd818c4770c"><testcase classname="tests.test_summary_builder.TestSummaryBuilder" name="test_summary_builder_endpoint_exists" time="0.323" /><testcase classname="tests.test_summary_builder.TestSummaryBuilder" name="test_summary_builder_returns_pivot_table" time="0.345" /><testcase classname="tests.test_summary_builder.TestSummaryBuilder" name="test_summary_builder_returns_meta" time="0.321" /><testcase classname="tests.test_summary_builder.TestSummaryBuilder" name="test_summary_builder_returns_insights" time="0.296" /><testcase classname="tests.test_summary_builder.TestSummaryBuilder" name="test_summary_builder_metric_options" time="0.437" /><testcase classname="tests.test_summary_builder.TestSummaryBuilder" name="test_summary_builder_time_frame_options" time="0.338" /><testcase classname="tests.test_summary_builder.TestSummaryBuilder" name="test_summary_builder_dimension_options" time="0.410" /><testcase classname="tests.test_summary_builder.TestSummaryBuilder" name="test_summary_builder_handles_empty_data" time="0.332" /><testcase classname="tests.test_summary_builder.TestLocationComparison" name="test_top_performers_supports_location" time="0.290" /><testcase classname="tests.test_summary_builder.TestLocationComparison" name="test_filters_all_returns_locations" time="0.308" /><testcase classname="tests.test_summary_builder.TestLocationComparison" name="test_filters_locations_endpoint" time="0.287" /><testcase classname="tests.test_summary_builder.TestSummaryBuilderQuarterly" name="test_quarterly_columns_format" time="0.308" /></testsuite></testsuites>