<?xml version="1.0" encoding="utf-8"?><testsuites name="pytest tests"><testsuite name="pytest" errors="0" failures="0" skipped="0" tests="15" time="2.746" timestamp="2026-01-05T10:30:09.637292+00:00" hostname="agent-env-7cdcc13d-a565-477f-be30-db325ed072c7"><testcase classname="tests.test_dispatch.TestDispatchSummary" name="test_summary_returns_counts" time="0.451" /><testcase classname="tests.test_dispatch.TestDispatchSummary" name="test_summary_with_filters" time="0.096" /><testcase classname="tests.test_dispatch.TestDispatchList" name="test_list_returns_leads" time="0.066" /><testcase classname="tests.test_dispatch.TestDispatchList" name="test_list_filter_pending" time="0.064" /><testcase classname="tests.test_dispatch.TestDispatchList" name="test_list_filter_dispatched" time="0.128" /><testcase classname="tests.test_dispatch.TestDispatchList" name="test_list_search" time="0.083" /><testcase classname="tests.test_dispatch.TestDispatchUpdate" name="test_update_to_dispatched" time="0.096" /><testcase classname="tests.test_dispatch.TestDispatchUpdate" name="test_dispatch_date_validation" time="0.093" /><testcase classname="tests.test_dispatch.TestDispatchUpdate" name="test_invalid_status" time="0.071" /><testcase classname="tests.test_dispatch.TestDispatchUpdate" name="test_lead_not_found" time="0.044" /><testcase classname="tests.test_dispatch.TestDispatchHistory" name="test_history_returns_data" time="0.068" /><testcase classname="tests.test_dispatch.TestDispatchHistory" name="test_history_not_found" time="0.042" /><testcase classname="tests.test_dispatch.TestKPIsDispatch" name="test_kpis_include_dispatch_counts" time="0.468" /><testcase classname="tests.test_dispatch.TestKPIsDispatch" name="test_kpis_dispatch_counts_match_summary" time="0.384" /><testcase classname="tests.test_dispatch.TestReasonRequirement" name="test_historical_order_no_reason_required" time="0.427" /></testsuite></testsuites>