<?xml version="1.0" encoding="utf-8"?><testsuites name="pytest tests"><testsuite name="pytest" errors="0" failures="0" skipped="0" tests="12" time="2.425" timestamp="2026-01-05T11:08:20.692783+00:00" hostname="agent-env-0f9ef2a2-aa62-426b-b4c9-37fa8cba44da"><testcase classname="tests.test_new_features.TestAuth" name="test_login" time="0.330" /><testcase classname="tests.test_new_features.TestCompareForecasts" name="test_get_saved_forecasts" time="0.302" /><testcase classname="tests.test_new_features.TestCompareForecasts" name="test_compare_forecast_invalid_index" time="0.103" /><testcase classname="tests.test_new_features.TestCompareForecasts" name="test_compare_forecast_valid_index" time="0.034" /><testcase classname="tests.test_new_features.TestClosureQuestions" name="test_get_pending_closure_count" time="0.337" /><testcase classname="tests.test_new_features.TestClosureQuestions" name="test_get_pending_closure_leads" time="0.073" /><testcase classname="tests.test_new_features.TestClosureQuestions" name="test_closure_answers_endpoint_exists" time="0.052" /><testcase classname="tests.test_new_features.TestUploadCompositeKey" name="test_upload_template_endpoint" time="0.294" /><testcase classname="tests.test_new_features.TestUploadCompositeKey" name="test_leads_template_download" time="0.120" /><testcase classname="tests.test_new_features.TestLeadsAPI" name="test_get_leads" time="0.376" /><testcase classname="tests.test_new_features.TestLeadsAPI" name="test_get_dropdown_options" time="0.060" /><testcase classname="tests.test_new_features.TestAdminClosureQuestions" name="test_get_closure_questions" time="0.289" /></testsuite></testsuites>