<?xml version="1.0" encoding="utf-8"?><testsuites name="pytest tests"><testsuite name="pytest" errors="0" failures="0" skipped="0" tests="18" time="6.901" timestamp="2026-02-07T04:33:13.092640+00:00" hostname="agent-env-db5b1168-7ce9-4af8-866a-9c779d618a58"><testcase classname="backend.tests.test_source_segment_potentials.TestSourcePotentialEndpoints" name="test_get_sources_list_from_leads" time="0.449" /><testcase classname="backend.tests.test_source_segment_potentials.TestSourcePotentialEndpoints" name="test_get_source_potentials" time="0.331" /><testcase classname="backend.tests.test_source_segment_potentials.TestSourcePotentialEndpoints" name="test_add_source_potential" time="0.452" /><testcase classname="backend.tests.test_source_segment_potentials.TestSourcePotentialEndpoints" name="test_update_source_potential" time="0.428" /><testcase classname="backend.tests.test_source_segment_potentials.TestSourcePotentialEndpoints" name="test_delete_source_potential" time="0.373" /><testcase classname="backend.tests.test_source_segment_potentials.TestSourcePotentialEndpoints" name="test_delete_nonexistent_source" time="0.351" /><testcase classname="backend.tests.test_source_segment_potentials.TestSourcePotentialEndpoints" name="test_add_source_without_name" time="0.308" /><testcase classname="backend.tests.test_source_segment_potentials.TestSegmentPotentialEndpoints" name="test_get_segments_list_from_leads" time="0.389" /><testcase classname="backend.tests.test_source_segment_potentials.TestSegmentPotentialEndpoints" name="test_get_segment_potentials" time="0.303" /><testcase classname="backend.tests.test_source_segment_potentials.TestSegmentPotentialEndpoints" name="test_add_segment_potential" time="0.411" /><testcase classname="backend.tests.test_source_segment_potentials.TestSegmentPotentialEndpoints" name="test_update_segment_potential" time="0.374" /><testcase classname="backend.tests.test_source_segment_potentials.TestSegmentPotentialEndpoints" name="test_delete_segment_potential" time="0.371" /><testcase classname="backend.tests.test_source_segment_potentials.TestSegmentPotentialEndpoints" name="test_delete_nonexistent_segment" time="0.305" /><testcase classname="backend.tests.test_source_segment_potentials.TestSegmentPotentialEndpoints" name="test_add_segment_without_name" time="0.396" /><testcase classname="backend.tests.test_source_segment_potentials.TestComparisonBySourceSegment" name="test_comparison_by_source" time="0.372" /><testcase classname="backend.tests.test_source_segment_potentials.TestComparisonBySourceSegment" name="test_comparison_by_segment" time="0.313" /><testcase classname="backend.tests.test_source_segment_potentials.TestComparisonBySourceSegment" name="test_comparison_by_district_still_works" time="0.314" /><testcase classname="backend.tests.test_source_segment_potentials.TestComparisonBySourceSegment" name="test_comparison_by_kva_still_works" time="0.454" /></testsuite></testsuites>