<?xml version="1.0" encoding="utf-8"?><testsuites name="pytest tests"><testsuite name="pytest" errors="0" failures="0" skipped="0" tests="16" time="8.051" timestamp="2026-02-04T19:53:15.170284+00:00" hostname="agent-env-712e4365-718e-44eb-8430-57b0776286c2"><testcase classname="tests.test_comprehensive_forecast.TestComprehensiveForecastEndpoint" name="test_basic_forecast_success" time="1.425" /><testcase classname="tests.test_comprehensive_forecast.TestComprehensiveForecastEndpoint" name="test_model_auto_selection" time="0.452" /><testcase classname="tests.test_comprehensive_forecast.TestComprehensiveForecastEndpoint" name="test_organization_forecast_structure" time="0.450" /><testcase classname="tests.test_comprehensive_forecast.TestComprehensiveForecastEndpoint" name="test_dealer_forecasts_structure" time="0.497" /><testcase classname="tests.test_comprehensive_forecast.TestComprehensiveForecastEndpoint" name="test_consistency_check_passed" time="0.442" /><testcase classname="tests.test_comprehensive_forecast.TestComprehensiveForecastEndpoint" name="test_years_back_parameter_1_year" time="0.123" /><testcase classname="tests.test_comprehensive_forecast.TestComprehensiveForecastEndpoint" name="test_years_back_parameter_2_years" time="0.422" /><testcase classname="tests.test_comprehensive_forecast.TestComprehensiveForecastEndpoint" name="test_years_back_parameter_3_years" time="0.445" /><testcase classname="tests.test_comprehensive_forecast.TestComprehensiveForecastEndpoint" name="test_force_model_xgboost" time="0.493" /><testcase classname="tests.test_comprehensive_forecast.TestComprehensiveForecastEndpoint" name="test_force_model_exponential_smoothing" time="0.305" /><testcase classname="tests.test_comprehensive_forecast.TestComprehensiveForecastEndpoint" name="test_available_models_list" time="0.500" /><testcase classname="tests.test_comprehensive_forecast.TestComprehensiveForecastEndpoint" name="test_all_models_tested_list" time="0.451" /><testcase classname="tests.test_comprehensive_forecast.TestComprehensiveForecastEndpoint" name="test_months_ahead_6_months" time="0.478" /><testcase classname="tests.test_comprehensive_forecast.TestComprehensiveForecastEndpoint" name="test_chart_data_structure" time="0.497" /><testcase classname="tests.test_comprehensive_forecast.TestDataIntegrity" name="test_dealer_totals_match_org_totals" time="0.442" /><testcase classname="tests.test_comprehensive_forecast.TestDataIntegrity" name="test_closures_not_exceed_leads" time="0.446" /></testsuite></testsuites>