<?xml version="1.0" encoding="utf-8"?><testsuites name="pytest tests"><testsuite name="pytest" errors="0" failures="1" skipped="0" tests="14" time="5.980" timestamp="2026-01-14T06:46:49.822130+00:00" hostname="agent-env-f023d8d3-66a2-4bfc-bbad-301f44a531d9"><testcase classname="tests.test_kpi_data_integrity.TestKPIsEndpoint" name="test_kpis_endpoint_returns_200" time="1.021" /><testcase classname="tests.test_kpi_data_integrity.TestKPIsEndpoint" name="test_kpis_returns_won_leads_count" time="0.657" /><testcase classname="tests.test_kpi_data_integrity.TestKPIsEndpoint" name="test_kpis_returns_quotations_sent_count" time="0.653" /><testcase classname="tests.test_kpi_data_integrity.TestKPIsEndpoint" name="test_kpis_won_greater_than_quotations_is_data_quality_issue" time="0.650" /><testcase classname="tests.test_kpi_data_integrity.TestKPIsEndpoint" name="test_kpis_returns_all_required_fields" time="0.652" /><testcase classname="tests.test_kpi_data_integrity.TestDataQualityEndpoint" name="test_data_quality_endpoint_returns_200" time="0.052" /><testcase classname="tests.test_kpi_data_integrity.TestDataQualityEndpoint" name="test_data_quality_returns_50_leads" time="0.056" /><testcase classname="tests.test_kpi_data_integrity.TestDataQualityEndpoint" name="test_data_quality_returns_leads_list" time="0.053" /><testcase classname="tests.test_kpi_data_integrity.TestDataQualityEndpoint" name="test_data_quality_message_is_informative" time="0.053" /><testcase classname="tests.test_kpi_data_integrity.TestDuplicateDetectionLogic" name="test_duplicates_count_endpoint" time="0.016" /><testcase classname="tests.test_kpi_data_integrity.TestDuplicateDetectionLogic" name="test_duplicates_list_endpoint" time="0.019" /><testcase classname="tests.test_kpi_data_integrity.TestDuplicateDetectionLogic" name="test_won_leads_not_filtered_as_duplicates" time="0.658" /><testcase classname="tests.test_kpi_data_integrity.TestKPIConsistency" name="test_conversion_rate_calculation" time="0.658"><failure message="AssertionError: Conversion rate mismatch: expected 40.00, got 17.04&#10;assert 22.96 &lt; 0.1&#10; +  where 22.96 = abs((17.04 - 40.0))">tests/test_kpi_data_integrity.py:221: in test_conversion_rate_calculation
    assert abs(conversion_rate - expected_rate) &lt; 0.1, f"Conversion rate mismatch: expected {expected_rate:.2f}, got {conversion_rate}"
E   AssertionError: Conversion rate mismatch: expected 40.00, got 17.04
E   assert 22.96 &lt; 0.1
E    +  where 22.96 = abs((17.04 - 40.0))</failure></testcase><testcase classname="tests.test_kpi_data_integrity.TestKPIConsistency" name="test_open_leads_breakdown" time="0.662" /></testsuite></testsuites>