<?xml version="1.0" encoding="utf-8"?><testsuites name="pytest tests"><testsuite name="pytest" errors="0" failures="0" skipped="0" tests="14" time="6.338" timestamp="2026-01-05T08:14:40.400302+00:00" hostname="agent-env-7cdcc13d-a565-477f-be30-db325ed072c7"><testcase classname="tests.test_model_optimization.TestModelOptimization" name="test_01_login_success" time="0.318" /><testcase classname="tests.test_model_optimization.TestModelOptimization" name="test_02_generate_forecast" time="5.966" /><testcase classname="tests.test_model_optimization.TestModelOptimization" name="test_03_model_info_exists" time="0.000" /><testcase classname="tests.test_model_optimization.TestModelOptimization" name="test_04_model_info_has_type" time="0.000" /><testcase classname="tests.test_model_optimization.TestModelOptimization" name="test_05_model_info_accuracy_at_least_70" time="0.000" /><testcase classname="tests.test_model_optimization.TestModelOptimization" name="test_06_model_info_meets_threshold_true" time="0.000" /><testcase classname="tests.test_model_optimization.TestModelOptimization" name="test_07_model_info_has_optimization_results" time="0.000" /><testcase classname="tests.test_model_optimization.TestModelOptimization" name="test_08_model_info_has_recommendation" time="0.000" /><testcase classname="tests.test_model_optimization.TestModelOptimization" name="test_09_model_info_has_training_months" time="0.000" /><testcase classname="tests.test_model_optimization.TestModelOptimization" name="test_10_source_of_truth_accuracy_at_least_70" time="0.000" /><testcase classname="tests.test_model_optimization.TestModelOptimization" name="test_11_dimension_accuracies_show_model_name" time="0.000" /><testcase classname="tests.test_model_optimization.TestModelOptimization" name="test_12_optimization_results_sorted_by_accuracy" time="0.000" /><testcase classname="tests.test_model_optimization.TestModelOptimization" name="test_13_best_model_matches_first_optimization_result" time="0.000" /><testcase classname="tests.test_model_optimization.TestModelOptimization" name="test_14_model_accuracy_consistency" time="0.000" /></testsuite></testsuites>