<?xml version="1.0" encoding="utf-8"?><testsuites name="pytest tests"><testsuite name="pytest" errors="0" failures="0" skipped="0" tests="15" time="5.951" timestamp="2026-01-05T06:46:24.629716+00:00" hostname="agent-env-7cdcc13d-a565-477f-be30-db325ed072c7"><testcase classname="tests.test_forecast_features.TestForecastFeatures" name="test_01_login_success" time="0.319" /><testcase classname="tests.test_forecast_features.TestForecastFeatures" name="test_02_generate_forecast_returns_success" time="5.282" /><testcase classname="tests.test_forecast_features.TestForecastFeatures" name="test_03_forecast_has_predictions" time="0.000" /><testcase classname="tests.test_forecast_features.TestForecastFeatures" name="test_04_predictions_have_breakdown" time="0.000" /><testcase classname="tests.test_forecast_features.TestForecastFeatures" name="test_05_kva_breakdown_has_closures_and_conversion" time="0.000" /><testcase classname="tests.test_forecast_features.TestForecastFeatures" name="test_06_state_breakdown_has_closures_and_conversion" time="0.000" /><testcase classname="tests.test_forecast_features.TestForecastFeatures" name="test_07_dealer_breakdown_has_closures_and_conversion" time="0.000" /><testcase classname="tests.test_forecast_features.TestForecastFeatures" name="test_08_employee_breakdown_has_closures_and_conversion" time="0.000" /><testcase classname="tests.test_forecast_features.TestForecastFeatures" name="test_09_segment_breakdown_has_closures_and_conversion" time="0.000" /><testcase classname="tests.test_forecast_features.TestForecastFeatures" name="test_10_save_forecast_returns_success" time="0.052" /><testcase classname="tests.test_forecast_features.TestForecastFeatures" name="test_11_get_saved_forecasts_returns_list" time="0.023" /><testcase classname="tests.test_forecast_features.TestForecastFeatures" name="test_12_saved_forecasts_have_required_fields" time="0.021" /><testcase classname="tests.test_forecast_features.TestForecastFeatures" name="test_13_delete_saved_forecast" time="0.070" /><testcase classname="tests.test_forecast_features.TestForecastFeatures" name="test_14_conversion_rate_is_percentage" time="0.000" /><testcase classname="tests.test_forecast_features.TestForecastFeatures" name="test_15_closures_less_than_or_equal_to_leads" time="0.000" /></testsuite></testsuites>