<?xml version="1.0" encoding="utf-8"?><testsuites name="pytest tests"><testsuite name="pytest" errors="0" failures="0" skipped="0" tests="15" time="5.827" timestamp="2026-01-13T17:22:19.637172+00:00" hostname="agent-env-a1ddce93-8e80-430f-964b-4bd818c4770c"><testcase classname="tests.test_yoy_comparison_quotations.TestYoYComparison" name="test_summary_builder_supports_compare_historical_param" time="0.397" /><testcase classname="tests.test_yoy_comparison_quotations.TestYoYComparison" name="test_yoy_returns_historical_comparison_data" time="0.313" /><testcase classname="tests.test_yoy_comparison_quotations.TestYoYComparison" name="test_yoy_columns_have_current_and_historical" time="0.332" /><testcase classname="tests.test_yoy_comparison_quotations.TestYoYComparison" name="test_yoy_rows_have_yoy_change_values" time="0.317" /><testcase classname="tests.test_yoy_comparison_quotations.TestYoYComparison" name="test_yoy_grand_total_has_comparison" time="0.313" /><testcase classname="tests.test_yoy_comparison_quotations.TestYoYComparison" name="test_yoy_insight_card_present" time="0.328" /><testcase classname="tests.test_yoy_comparison_quotations.TestYoYComparison" name="test_yoy_works_with_all_metrics" time="0.489" /><testcase classname="tests.test_yoy_comparison_quotations.TestYoYComparison" name="test_yoy_works_with_all_time_frames" time="0.442" /><testcase classname="tests.test_yoy_comparison_quotations.TestYoYComparison" name="test_yoy_works_with_all_dimensions" time="0.550" /><testcase classname="tests.test_yoy_comparison_quotations.TestYoYComparison" name="test_yoy_false_does_not_return_historical" time="0.307" /><testcase classname="tests.test_yoy_comparison_quotations.TestQuotationsViewLead" name="test_quotations_endpoint_returns_data" time="0.352" /><testcase classname="tests.test_yoy_comparison_quotations.TestQuotationsViewLead" name="test_quotations_have_enquiry_no_field" time="0.359" /><testcase classname="tests.test_yoy_comparison_quotations.TestQuotationsViewLead" name="test_quotations_have_required_fields_for_table" time="0.354" /><testcase classname="tests.test_yoy_comparison_quotations.TestQuotationsViewLead" name="test_quotations_summary_endpoint" time="0.425" /><testcase classname="tests.test_yoy_comparison_quotations.TestQuotationsViewLead" name="test_quotations_search_by_enquiry_no" time="0.466" /></testsuite></testsuites>