<?xml version="1.0" encoding="utf-8"?><testsuites name="pytest tests"><testsuite name="pytest" errors="0" failures="0" skipped="0" tests="14" time="5.981" timestamp="2026-01-05T07:32:27.803946+00:00" hostname="agent-env-7cdcc13d-a565-477f-be30-db325ed072c7"><testcase classname="tests.test_forecast_closure_consistency.TestForecastClosureConsistency" name="test_01_login_success" time="0.346" /><testcase classname="tests.test_forecast_closure_consistency.TestForecastClosureConsistency" name="test_02_generate_forecast" time="5.583" /><testcase classname="tests.test_forecast_closure_consistency.TestForecastClosureConsistency" name="test_03_source_of_truth_exists" time="0.000" /><testcase classname="tests.test_forecast_closure_consistency.TestForecastClosureConsistency" name="test_04_source_of_truth_has_dimension" time="0.000" /><testcase classname="tests.test_forecast_closure_consistency.TestForecastClosureConsistency" name="test_05_source_of_truth_has_accuracy" time="0.000" /><testcase classname="tests.test_forecast_closure_consistency.TestForecastClosureConsistency" name="test_06_source_of_truth_has_explanation" time="0.000" /><testcase classname="tests.test_forecast_closure_consistency.TestForecastClosureConsistency" name="test_07_dimension_accuracies_exists" time="0.000" /><testcase classname="tests.test_forecast_closure_consistency.TestForecastClosureConsistency" name="test_08_dimension_accuracies_has_all_dimensions" time="0.000" /><testcase classname="tests.test_forecast_closure_consistency.TestForecastClosureConsistency" name="test_09_dimension_accuracies_have_required_fields" time="0.000" /><testcase classname="tests.test_forecast_closure_consistency.TestForecastClosureConsistency" name="test_10_breakdown_closure_totals_are_equal" time="0.000" /><testcase classname="tests.test_forecast_closure_consistency.TestForecastClosureConsistency" name="test_11_breakdown_totals_match_monthly_closures" time="0.000" /><testcase classname="tests.test_forecast_closure_consistency.TestForecastClosureConsistency" name="test_12_source_of_truth_dimension_has_highest_accuracy" time="0.000" /><testcase classname="tests.test_forecast_closure_consistency.TestForecastClosureConsistency" name="test_13_all_breakdowns_have_data" time="0.000" /><testcase classname="tests.test_forecast_closure_consistency.TestForecastClosureConsistency" name="test_14_conversion_rate_in_source_of_truth" time="0.000" /></testsuite></testsuites>